Removed Pin From Net: NetName=joyLeft_Ver Pin=main-A0
Removed Pin From Net: NetName=joyLeft_Hor Pin=main-A1
Removed Pin From Net: NetName=joyRigt_Ver Pin=main-A2
Removed Pin From Net: NetName=joyRigt_Hor Pin=main-A3
Removed Pin From Net: NetName=joyLeft_But Pin=main-A12
Removed Pin From Net: NetName=joyRigt_But Pin=main-A15
Added Component: Designator=joyLeft(HDR1X5)
Add component. Clean all parameters for all variants
Add component (AddParameter): Name = "LatestRevisionDate"; Value = "17-Jul-2002"; VariantName = "[No Variations]"
Add component (AddParameter): Name = "LatestRevisionNote"; Value = "Re-released for DXP Platform."; VariantName = "[No Variations]"
Add component (AddParameter): Name = "Publisher"; Value = "Altium Limited"; VariantName = "[No Variations]"
Added Component: Designator=joyRigt(HDR1X5)
Add component. Clean all parameters for all variants
Add component (AddParameter): Name = "LatestRevisionDate"; Value = "17-Jul-2002"; VariantName = "[No Variations]"
Add component (AddParameter): Name = "LatestRevisionNote"; Value = "Re-released for DXP Platform."; VariantName = "[No Variations]"
Add component (AddParameter): Name = "Publisher"; Value = "Altium Limited"; VariantName = "[No Variations]"
Added Pin To Net: NetName=GND Pin=joyLeft-1
Added Pin To Net: NetName=5V Pin=joyLeft-2
Added Pin To Net: NetName=joyRigt_Hor Pin=joyLeft-3
Added Pin To Net: NetName=joyRigt_Ver Pin=joyLeft-4
Added Pin To Net: NetName=joyRigt_But Pin=joyLeft-5
Added Pin To Net: NetName=GND Pin=joyRigt-1
Added Pin To Net: NetName=5V Pin=joyRigt-2
Added Pin To Net: NetName=joyLeft_Hor Pin=joyRigt-3
Added Pin To Net: NetName=joyLeft_Ver Pin=joyRigt-4
Added Pin To Net: NetName=joyLeft_But Pin=joyRigt-5
Added Member To Class: ClassName=Tx Member=Component joyLeft Header 5
Added Member To Class: ClassName=Tx Member=Component joyRigt Header 5
Added Room: Name=Tx
